~~~
<div id="d6ee15b6-4a3b-4d50-99e9-f47a48ac671b" data-jscall-id="108" style="visibility: hidden;">
  <div data-jscall-id="103">slider 1: 
    <input step="1" max="100" min="1" data-jscall-id="104" value="1" oninput="JSServe.update_obs('11791518198887974482', parseFloat(value))" type="range" />
    <p data-jscall-id="102">1</p>
  </div>
  <script data-jscall-id="105" type="text/javascript">
    window.__define = window.define;
    window.__require = window.require;
    window.define = undefined;
    window.require = undefined;

</script>
  <script data-jscall-id="106" type="text/javascript">
    window.define = window.__define;
    window.require = window.__require;
    window.__define = undefined;
    window.__require = undefined;

</script>
  <script data-jscall-id="107" type="text/javascript">
(()=> {
    JSServe.register_sub_session('d6ee15b6-4a3b-4d50-99e9-f47a48ac671b')
    const init_data_b64 = 'H4sIAAAAAAAAA8WUQW/TMBTHxbWfwres0trFiRMnSOMA40AlGKjcELLc+LUYEjuKnW7RxKWckeDKDZBW7uND8BX4Nnhp6aap6kQ7iZwSvf97zu/9k/9sXvIm11x8+fD37t43KX5iTFMc4QSnSZLQlBKSBD8KM2G2KeFrtBLPLhh7y6fcZJUsbVtl7HwwfKQFrDTnRtdVBr9/VWDrSqFxrTIrtUJasboU3MKeghM25XkNXXTWQe46OJDKQlXqnFupJkiP0dHxU6TcXIO4EkjbN1ChQZ1LjtpOg0509Q4V2ti8QdwgOC0hsyDutwMzrYxFJYMcClAWHSLGwDUyV7Bwahl75b9ulStNXyoF1UtXdOrVG3bed+bLns9r8edHunh2jf879oPbd4pvGBCEmNIoCtMU05AkfujH6wwQTnwR+X5MojiIgjCJAhK4I9Zpl86GISVhgEOSYkJokFC6s7PPl862Czp8gAbDIVRT6C/cZZeuMW5tJUe1M3vN4veRZyyU3v5iRPefN0xuXxreju34DtgKfrob2maL/yeZVLuatvGD3BLtxR2gtb07w23852dbwX28yjNelrnM+GWaMqELl1NCZ3UbXhOwjxc59rB5IvY8EQPgaBT3CA9HPSIiv5emkPbGhHKS8CymeOR12wS8MbVvbJNDfyqNHMlc2sYd47VPOXirMPx0xXUNMf0DUiLfzGIGAAA='
    JSServe.init_from_b64(init_data_b64)
    if (!true){
        JSServe.update_obs('3151974422521939545', true)
    }
})()
</script>
</div>
~~~
