~~~
<div id="cf3bcaae-9d8d-4fb9-b823-63b33dd9f5e0" data-jscall-id="108" style="visibility: hidden;">
  <div data-jscall-id="103">slider 1: 
    <input step="1" max="100" min="1" data-jscall-id="104" value="1" oninput="JSServe.update_obs('8860841839179128855', parseFloat(value))" type="range" />
    <p data-jscall-id="102">1</p>
  </div>
  <script data-jscall-id="105" type="text/javascript">
    window.__define = window.define;
    window.__require = window.require;
    window.define = undefined;
    window.require = undefined;

</script>
  <script data-jscall-id="106" type="text/javascript">
    window.define = window.__define;
    window.require = window.__require;
    window.__define = undefined;
    window.__require = undefined;

</script>
  <script data-jscall-id="107" type="text/javascript">
(()=> {
    JSServe.register_sub_session('cf3bcaae-9d8d-4fb9-b823-63b33dd9f5e0')
    const init_data_b64 = 'H4sIAAAAAAAAA8WUT2/TMBjGxbWfwres0trF+WsjjQOMA5VgoHJDyHLit8WQ2FHidI0mLuWMBFdugLRy35fgK/Bt8NKRAqo60U4ih8SRn/dNfs+bPItlwZtMc/Hp3a/VnS9SXBISuSTAxKc4ptgjJAy/5dWUmaaAz2GnXVwy9prPeJWWsjDtLmMXo/EDLaDTXFS6LlP48b0EU5cKTWqVGqkV0orVheAGDhScsRnPauij8x6yx9GRVAbKQmfcSDVFeoJOTh8jZftWiCuBtHkFJRrVmeSorazQmS7foFxXJmsQrxDMC0gNiLttw1SryqCCQQY5KIOOEWNgC5ndMDA3jL1wX7bKTjOUSkH53G5adfeGvbe95XXNx434yxOdP/mN/yt2vRstxX/aj2PPJwTbS4BDH4choZvsF602oHFA7YkGAXYjL/A3atu+YUwo8SJK3dj3IxJHcbT3WJ9ej7V15/geGo3HUM5guBotuxoZ48aUMqntpDe4foicykDhHK5a9P/Z3uBGy/BuaKe3gJbz+b5k2wb8P8mk2pNs6+e4I9mzWyBra/dk2/67L3Zie79OMl4UmUz5VY4yoXObUEKndRtbUzAPVwl2v3kkDpx04icp5zCggohBMEnoICGeP4j8xPeFoJMQXKffZt9fXYeVaTIYzmQlE5lJ09jHOO1dBk4Xgx/WXN56SX8CDu4jZlsGAAA='
    JSServe.init_from_b64(init_data_b64)
    if (!true){
        JSServe.update_obs('10539177268784277467', true)
    }
})()
</script>
</div>
~~~
